<?xml version="1.0" encoding="UTF-8"?>
<testsuite xmlns:xsi="http://www.w3.org/2001/XMLSchema-instance" xsi:noNamespaceSchemaLocation="https://maven.apache.org/surefire/maven-surefire-plugin/xsd/surefire-test-report.xsd" name="test.java.avl_java_travis_cli.AVLTreeTest" time="0.103" tests="21" errors="0" skipped="0" failures="0">
  <properties>
    <property name="sun.desktop" value="windows"/>
    <property name="awt.toolkit" value="sun.awt.windows.WToolkit"/>
    <property name="file.encoding.pkg" value="sun.io"/>
    <property name="java.specification.version" value="1.8"/>
    <property name="sun.cpu.isalist" value="amd64"/>
    <property name="sun.jnu.encoding" value="Cp1252"/>
    <property name="java.class.path" value="D:\Users\ASUS\eclipse-workspace\avl_java_travis_cli\target\test-classes;D:\Users\ASUS\eclipse-workspace\avl_java_travis_cli\target\classes;C:\Users\ASUS\.m2\repository\junit\junit\4.13.2\junit-4.13.2.jar;C:\Users\ASUS\.m2\repository\org\hamcrest\hamcrest-core\1.3\hamcrest-core-1.3.jar;"/>
    <property name="java.vm.vendor" value="Oracle Corporation"/>
    <property name="sun.arch.data.model" value="64"/>
    <property name="user.variant" value=""/>
    <property name="java.vendor.url" value="http://java.oracle.com/"/>
    <property name="user.timezone" value="Asia/Calcutta"/>
    <property name="java.vm.specification.version" value="1.8"/>
    <property name="os.name" value="Windows 10"/>
    <property name="user.country" value="US"/>
    <property name="sun.java.launcher" value="SUN_STANDARD"/>
    <property name="sun.boot.library.path" value="D:\Java\jdk1.8.0_202\jre\bin"/>
    <property name="sun.java.command" value="D:\Temp\surefire1564255645889929212\surefirebooter4445318016059339515.jar D:\TEMP\surefire1564255645889929212 2022-04-13T14-20-11_130-jvmRun1 surefire5260066514018220327tmp surefire_04176116629705576443tmp"/>
    <property name="surefire.test.class.path" value="D:\Users\ASUS\eclipse-workspace\avl_java_travis_cli\target\test-classes;D:\Users\ASUS\eclipse-workspace\avl_java_travis_cli\target\classes;C:\Users\ASUS\.m2\repository\junit\junit\4.13.2\junit-4.13.2.jar;C:\Users\ASUS\.m2\repository\org\hamcrest\hamcrest-core\1.3\hamcrest-core-1.3.jar;"/>
    <property name="sun.cpu.endian" value="little"/>
    <property name="user.home" value="C:\Users\ASUS"/>
    <property name="user.language" value="en"/>
    <property name="java.specification.vendor" value="Oracle Corporation"/>
    <property name="java.home" value="D:\Java\jdk1.8.0_202\jre"/>
    <property name="basedir" value="D:\Users\ASUS\eclipse-workspace\avl_java_travis_cli"/>
    <property name="file.separator" value="\"/>
    <property name="line.separator" value="&#10;"/>
    <property name="java.vm.specification.vendor" value="Oracle Corporation"/>
    <property name="java.specification.name" value="Java Platform API Specification"/>
    <property name="java.awt.graphicsenv" value="sun.awt.Win32GraphicsEnvironment"/>
    <property name="surefire.real.class.path" value="D:\Temp\surefire1564255645889929212\surefirebooter4445318016059339515.jar;C:\\Users\\ASUS\\.m2\\repository\\org\\jacoco\\org.jacoco.agent\\0.8.7\\org.jacoco.agent-0.8.7-runtime.jar"/>
    <property name="sun.boot.class.path" value="D:\Java\jdk1.8.0_202\jre\lib\resources.jar;D:\Java\jdk1.8.0_202\jre\lib\rt.jar;D:\Java\jdk1.8.0_202\jre\lib\sunrsasign.jar;D:\Java\jdk1.8.0_202\jre\lib\jsse.jar;D:\Java\jdk1.8.0_202\jre\lib\jce.jar;D:\Java\jdk1.8.0_202\jre\lib\charsets.jar;D:\Java\jdk1.8.0_202\jre\lib\jfr.jar;D:\Java\jdk1.8.0_202\jre\classes"/>
    <property name="user.script" value=""/>
    <property name="sun.management.compiler" value="HotSpot 64-Bit Tiered Compilers"/>
    <property name="java.runtime.version" value="1.8.0_202-b08"/>
    <property name="user.name" value="ASUS"/>
    <property name="path.separator" value=";"/>
    <property name="os.version" value="10.0"/>
    <property name="java.endorsed.dirs" value="D:\Java\jdk1.8.0_202\jre\lib\endorsed"/>
    <property name="java.runtime.name" value="Java(TM) SE Runtime Environment"/>
    <property name="file.encoding" value="Cp1252"/>
    <property name="java.vm.name" value="Java HotSpot(TM) 64-Bit Server VM"/>
    <property name="localRepository" value="C:\Users\ASUS\.m2\repository"/>
    <property name="java.vendor.url.bug" value="http://bugreport.sun.com/bugreport/"/>
    <property name="java.io.tmpdir" value="D:\Temp\"/>
    <property name="java.version" value="1.8.0_202"/>
    <property name="user.dir" value="D:\Users\ASUS\eclipse-workspace\avl_java_travis_cli"/>
    <property name="os.arch" value="amd64"/>
    <property name="java.vm.specification.name" value="Java Virtual Machine Specification"/>
    <property name="java.awt.printerjob" value="sun.awt.windows.WPrinterJob"/>
    <property name="sun.os.patch.level" value=""/>
    <property name="java.library.path" value="D:\Java\jdk1.8.0_202\jre\bin;C:\WINDOWS\Sun\Java\bin;C:\WINDOWS\system32;C:\WINDOWS;C:\Program Files\Microsoft MPI\Bin\;D:\Program Files (x86)\VMware\VMware Workstation\bin\;C:\WINDOWS\system32;C:\WINDOWS;C:\WINDOWS\System32\Wbem;C:\WINDOWS\System32\WindowsPowerShell\v1.0\;C:\WINDOWS\System32\OpenSSH\;C:\ProgramData\chocolatey\bin;C:\ProgramData\chocolatey\lib\gsudo\bin\;D:\ProgramData\Anaconda3\Library;D:\ProgramData\Anaconda3\Lib;D:\ProgramData\Anaconda3\Scripts;D:\ProgramData\Anaconda3;d:\Program Files\Java\jdk1.8.0_202;C:\Python310\;C:\Python310\Scripts\;d:\Program Files\page;D:\Program Files\nodejs\;D:\Program Files\Git\usr\bin;D:\Program Files\Git\cmd;D:\Program Files\Git\mingw64\bin;D:\Program Files\MATLAB\R2021b\runtime\win64;D:\Program Files\MATLAB\R2021b\bin;D:\Program Files (x86)\Microsoft SQL Server\150\DTS\Binn\;C:\Program Files (x86)\Subversion\bin;C:\Users\ASUS\scoop\shims;C:\Users\ASUS\AppData\Local\Microsoft\WindowsApps;D:\Users\ASUS\AppData\Local\Programs\Microsoft VS Code\bin;C:\Users\ASUS\AppData\Roaming\npm;D:\Java\jdk1.8.0_202\bin;D:\Program Files\Java\jre1.8.0_202\bin;D:\Program Files\CodeBlocks\MinGW\bin;D:\Program Files\Android\flutter\bin;D:\Program Files\Android\android-studio\bin;D:\Program Files\Java\jdk-17.0.1\bin;d:\Android\android_sdk\tools\bin;d:\Android\android_sdk\tools;d:\Android\android_sdk\platform-tools;D:\Program Files\Android\Android Studio\bin;C:\Users\ASUS\AppData\Local\Pub\Cache\bin;D:\maven\bin;D:\xampp\mysql\bin;D:\xampp\php;D:\apache\hive\bin;D:\apache\derby\bin;D:\apache\sqoop\bin;D:\apache\sqoop\lib;D:\apache\hbase\bin;D:\spring\bin;D:\spring\lib;D:\apache\flume\bin;D:\hadoop-2.8.0\bin;d:\hadoop-2.8.0\sbin;d:\hadoop-2.8.0\lib;D:\hadoop-2.8.0\share\hadoop\hdfs;D:\apache\pig\bin;D:\apache\pig\lib;d:\apache\ant\bin;D:\ProgramData\ffmpeg\bin;D:\Program Files\heroku\bin;D:\Program Files (x86)\Nmap;D:\Users\ASUS\AppData\Local\Programs\mongosh\;C:\Users\ASUS\AppData\Local\Microsoft\WindowsApps;d:\Program Files\R\R-4.1.2\bin;d:\Program Files\RStudio\bin\;d:\Program Files\R\R-4.1.2\library\;D:\Python27\;D:\Python27\Scripts;C:\Program Files\Azure Data Studio\bin;C:\Program Files\MongoDB\mongodb-database-tools\bin;d:\apache\maven\bin;."/>
    <property name="java.vm.info" value="mixed mode"/>
    <property name="java.vendor" value="Oracle Corporation"/>
    <property name="java.vm.version" value="25.202-b08"/>
    <property name="java.ext.dirs" value="D:\Java\jdk1.8.0_202\jre\lib\ext;C:\WINDOWS\Sun\Java\lib\ext"/>
    <property name="sun.io.unicode.encoding" value="UnicodeLittle"/>
    <property name="java.class.version" value="52.0"/>
  </properties>
  <testcase name="testingInsertDupFunction" classname="test.java.avl_java_travis_cli.AVLTreeTest" time="0.009"/>
  <testcase name="testFind2" classname="test.java.avl_java_travis_cli.AVLTreeTest" time="0"/>
  <testcase name="testFind3" classname="test.java.avl_java_travis_cli.AVLTreeTest" time="0"/>
  <testcase name="testFind4" classname="test.java.avl_java_travis_cli.AVLTreeTest" time="0"/>
  <testcase name="testFind5" classname="test.java.avl_java_travis_cli.AVLTreeTest" time="0"/>
  <testcase name="testFind6" classname="test.java.avl_java_travis_cli.AVLTreeTest" time="0"/>
  <testcase name="testRoot2" classname="test.java.avl_java_travis_cli.AVLTreeTest" time="0"/>
  <testcase name="testFind" classname="test.java.avl_java_travis_cli.AVLTreeTest" time="0"/>
  <testcase name="testRoot" classname="test.java.avl_java_travis_cli.AVLTreeTest" time="0"/>
  <testcase name="testingEqualsItself" classname="test.java.avl_java_travis_cli.AVLTreeTest" time="0.001"/>
  <testcase name="testingIntegerConstructor" classname="test.java.avl_java_travis_cli.AVLTreeTest" time="0"/>
  <testcase name="testTreeDelete" classname="test.java.avl_java_travis_cli.AVLTreeTest" time="0"/>
  <testcase name="testTreeBalance" classname="test.java.avl_java_travis_cli.AVLTreeTest" time="0"/>
  <testcase name="testTreeHeight" classname="test.java.avl_java_travis_cli.AVLTreeTest" time="0"/>
  <testcase name="testTreeInsert" classname="test.java.avl_java_travis_cli.AVLTreeTest" time="0"/>
  <testcase name="testingInsertFunction" classname="test.java.avl_java_travis_cli.AVLTreeTest" time="0.001"/>
  <testcase name="testTreeDelete2" classname="test.java.avl_java_travis_cli.AVLTreeTest" time="0"/>
  <testcase name="testingGetFunction" classname="test.java.avl_java_travis_cli.AVLTreeTest" time="0"/>
  <testcase name="testingDefaultConstructor" classname="test.java.avl_java_travis_cli.AVLTreeTest" time="0"/>
  <testcase name="testTreeInsert2" classname="test.java.avl_java_travis_cli.AVLTreeTest" time="0"/>
  <testcase name="testTreeBalance2" classname="test.java.avl_java_travis_cli.AVLTreeTest" time="0.001"/>
</testsuite>